<?xml version="1.0" encoding="UTF-8"?>
<testng-results skipped="0" failed="0" total="1" passed="1">
  <reporter-output>
  </reporter-output>
  <suite name="Default suite" duration-ms="140" started-at="2016-09-26T04:15:58Z" finished-at="2016-09-26T04:15:58Z">
    <groups>
    </groups>
    <test name="Default test" duration-ms="140" started-at="2016-09-26T04:15:58Z" finished-at="2016-09-26T04:15:58Z">
      <class name="com.vmetry.ntltaxi.utils.ReportOptimizer">
        <test-method status="PASS" signature="archiveFiles()[pri:0, instance:com.vmetry.ntltaxi.utils.ReportOptimizer@5a01ccaa]" name="archiveFiles" duration-ms="124" started-at="2016-09-26T09:45:58Z" finished-at="2016-09-26T09:45:58Z">
          <reporter-output>
          </reporter-output>
        </test-method> <!-- archiveFiles -->
      </class> <!-- com.vmetry.ntltaxi.utils.ReportOptimizer -->
    </test> <!-- Default test -->
  </suite> <!-- Default suite -->
</testng-results>
